...found 9 targets...
...updating 4 targets...
gcc.compile.c++ libs/config/checks/architecture/bin/gcc-9.4.0/debug/32.o
libs/config/checks/architecture/32.cpp:9:36: error: narrowing conversion of ‘-1’ from ‘int’ to ‘long unsigned int’ [-Wnarrowing]
    9 | int test[sizeof(void*) == 4? 1 : -1];
      |                                    ^
libs/config/checks/architecture/32.cpp:9:28: error: size ‘-1’ of array ‘test’ is negative
    9 | int test[sizeof(void*) == 4? 1 : -1];
      |          ~~~~~~~~~~~~~~~~~~^~~~~~~~

    "g++"   -fPIC -O0 -fno-inline -Wall -g -march=x86-64 -mtune=generic -fvisibility=hidden -fvisibility-inlines-hidden    -c -o "libs/config/checks/architecture/bin/gcc-9.4.0/debug/32.o" "libs/config/checks/architecture/32.cpp"

...failed gcc.compile.c++ libs/config/checks/architecture/bin/gcc-9.4.0/debug/32.o...
...failed updating 1 target...
...updated 3 targets...
...found 2 targets...
...updating 1 target...
gcc.compile.c++ libs/config/checks/architecture/bin/gcc-9.4.0/debug/64.o
...updated 1 target...
...found 2 targets...
...updating 1 target...
gcc.compile.c++ libs/config/checks/architecture/bin/gcc-9.4.0/debug/arm.o
libs/config/checks/architecture/arm.cpp:13:2: error: #error "Not ARM"
   13 | #error "Not ARM"
      |  ^~~~~

    "g++"   -fPIC -O0 -fno-inline -Wall -g -march=x86-64 -mtune=generic -fvisibility=hidden -fvisibility-inlines-hidden    -c -o "libs/config/checks/architecture/bin/gcc-9.4.0/debug/arm.o" "libs/config/checks/architecture/arm.cpp"

...failed gcc.compile.c++ libs/config/checks/architecture/bin/gcc-9.4.0/debug/arm.o...
...failed updating 1 target...
...found 2 targets...
...updating 1 target...
gcc.compile.c++ libs/config/checks/architecture/bin/gcc-9.4.0/debug/mips1.o
libs/config/checks/architecture/mips1.cpp:10:2: error: #error "Not MIPS1"
   10 | #error "Not MIPS1"
      |  ^~~~~

    "g++"   -fPIC -O0 -fno-inline -Wall -g -march=x86-64 -mtune=generic -fvisibility=hidden -fvisibility-inlines-hidden    -c -o "libs/config/checks/architecture/bin/gcc-9.4.0/debug/mips1.o" "libs/config/checks/architecture/mips1.cpp"

...failed gcc.compile.c++ libs/config/checks/architecture/bin/gcc-9.4.0/debug/mips1.o...
...failed updating 1 target...
...found 2 targets...
...updating 1 target...
gcc.compile.c++ libs/config/checks/architecture/bin/gcc-9.4.0/debug/power.o
libs/config/checks/architecture/power.cpp:13:2: error: #error "Not PPC"
   13 | #error "Not PPC"
      |  ^~~~~

    "g++"   -fPIC -O0 -fno-inline -Wall -g -march=x86-64 -mtune=generic -fvisibility=hidden -fvisibility-inlines-hidden    -c -o "libs/config/checks/architecture/bin/gcc-9.4.0/debug/power.o" "libs/config/checks/architecture/power.cpp"

...failed gcc.compile.c++ libs/config/checks/architecture/bin/gcc-9.4.0/debug/power.o...
...failed updating 1 target...
...found 2 targets...
...updating 1 target...
gcc.compile.c++ libs/config/checks/architecture/bin/gcc-9.4.0/debug/sparc.o
libs/config/checks/architecture/sparc.cpp:10:2: error: #error "Not SPARC"
   10 | #error "Not SPARC"
      |  ^~~~~

    "g++"   -fPIC -O0 -fno-inline -Wall -g -march=x86-64 -mtune=generic -fvisibility=hidden -fvisibility-inlines-hidden    -c -o "libs/config/checks/architecture/bin/gcc-9.4.0/debug/sparc.o" "libs/config/checks/architecture/sparc.cpp"

...failed gcc.compile.c++ libs/config/checks/architecture/bin/gcc-9.4.0/debug/sparc.o...
...failed updating 1 target...
...found 2 targets...
...updating 1 target...
gcc.compile.c++ libs/config/checks/architecture/bin/gcc-9.4.0/debug/x86.o
...updated 1 target...
...found 3 targets...
...updating 3 targets...
link.touch bin.v2/test-symlink-source
link.mklink bin.v2/test-symlink
...updated 3 targets...
...found 10 targets...
...updating 8 targets...
gcc.compile.c++ bin.v2/standalone/ac/gcc-9.4.0/release/link-static/threading-multi/zlib_h.o
...updated 8 targets...
...found 5 targets...
...updating 3 targets...
gcc.compile.c++ bin.v2/standalone/ac/gcc-9.4.0/release/link-static/threading-multi/main-z.o
gcc.link bin.v2/standalone/ac/gcc-9.4.0/release/link-static/threading-multi/z
...updated 3 targets...
...patience...
...found 214 targets...
...updating 8 targets...
gcc.compile.c++ bin.v2/libs/log/config/atomic-int32/gcc-9.4.0/debug/pch-off/atomic_int32.o
...updated 8 targets...
...found 7 targets...
...updating 5 targets...
gcc.compile.c++ bin.v2/libs/log/config/native-syslog/gcc-9.4.0/debug/pch-off/native_syslog.o
...updated 5 targets...
...found 6 targets...
...updating 5 targets...
gcc.compile.c++ bin.v2/libs/log/config/pthread-mutex-robust/gcc-9.4.0/debug/pch-off/pthread_mutex_robust.o
...updated 5 targets...
...found 6 targets...
...updating 5 targets...
gcc.compile.c++ bin.v2/libs/log/config/visibility/gcc-9.4.0/debug/pch-off/visibility.o
...updated 5 targets...
...found 7 targets...
...updating 5 targets...
gcc.compile.c++ bin.v2/libs/log/config/x86-ext/gcc-9.4.0/debug/pch-off/ssse3.o
...updated 5 targets...
...found 3 targets...
...updating 1 target...
gcc.compile.c++ bin.v2/libs/log/config/x86-ext/gcc-9.4.0/debug/pch-off/avx2.o
...updated 1 target...
...found 280 targets...
...updating 7 targets...
gcc.compile.c++ bin.v2/libs/regex/build/gcc-9.4.0/debug/has_icu_test.o
gcc.link bin.v2/libs/regex/build/gcc-9.4.0/debug/has_icu
testing.unit-test bin.v2/libs/regex/build/gcc-9.4.0/debug/has_icu.passed
945
...updated 7 targets...
...found 75 targets...
...updating 14 targets...
gcc.compile.c++ bin.v2/libs/thread/build/gcc-9.4.0/debug/threading-multi/has_atomic_flag_lockfree_test.o
gcc.compile.c++ bin.v2/libs/system/build/gcc-9.4.0/debug/threading-multi/error_code.o
gcc.link.dll bin.v2/libs/system/build/gcc-9.4.0/debug/threading-multi/libboost_system.so.1.68.0
gcc.link bin.v2/libs/thread/build/gcc-9.4.0/debug/threading-multi/has_atomic_flag_lockfree
...updated 14 targets...
...found 162 targets...
...updating 7 targets...
gcc.compile.c++ bin.v2/check/predef/gcc-9.4.0/debug/address-model-64/architecture-x86/predef_check_cc_09a06289f4560e2f553bb0cbbec71436.o
In file included from /home/dyy/FISCO-TIDY/FISCO-BCOS-2.9.1/deps/src/boost/libs/predef/tools/check/predef_check_cc_as_cpp.cpp:7:
/home/dyy/FISCO-TIDY/FISCO-BCOS-2.9.1/deps/src/boost/libs/predef/tools/check/predef_check_cc.h:7:10: fatal error: boost/predef.h: 没有那个文件或目录
    7 | #include <boost/predef.h>
      |          ^~~~~~~~~~~~~~~~
compilation terminated.

    "g++"   -fPIC -m64 -O0 -fno-inline -Wall -g -march=x86-64 -mtune=generic -fvisibility=hidden -fvisibility-inlines-hidden -DCHECK="BOOST_COMP_GNUC >= BOOST_VERSION_NUMBER(4,3,0)"  -I"/home/dyy/FISCO-TIDY/FISCO-BCOS-2.9.1/deps/src/boost/libs/predef/include" -c -o "bin.v2/check/predef/gcc-9.4.0/debug/address-model-64/architecture-x86/predef_check_cc_09a06289f4560e2f553bb0cbbec71436.o" "/home/dyy/FISCO-TIDY/FISCO-BCOS-2.9.1/deps/src/boost/libs/predef/tools/check/predef_check_cc_as_cpp.cpp"

...failed gcc.compile.c++ bin.v2/check/predef/gcc-9.4.0/debug/address-model-64/architecture-x86/predef_check_cc_09a06289f4560e2f553bb0cbbec71436.o...
...failed updating 1 target...
...updated 6 targets...
...found 1 target...
...updating 1 target...
config-cache.write bin.v2/project-cache.jam
...updated 1 target...
